{"timestamp":"2025-11-06T17:15:27.143283Z","level":"info","event":"Filling up the DagBag from /opt/airflow/dags/healthcare.py","logger":"airflow.models.dagbag.DagBag","filename":"dagbag.py","lineno":593}
{"timestamp":"2025-11-06T17:15:27.962337Z","level":"error","event":"Failed to import: /opt/airflow/dags/healthcare.py","logger":"airflow.models.dagbag.DagBag","filename":"dagbag.py","lineno":415,"error_detail":[{"exc_type":"ModuleNotFoundError","exc_value":"No module named 'matplotlib'","exc_notes":[],"syntax_error":null,"is_cause":false,"frames":[{"filename":"/home/airflow/.local/lib/python3.12/site-packages/airflow/models/dagbag.py","lineno":405,"name":"parse"},{"filename":"<frozen importlib._bootstrap_external>","lineno":999,"name":"exec_module"},{"filename":"<frozen importlib._bootstrap>","lineno":488,"name":"_call_with_frames_removed"},{"filename":"/opt/airflow/dags/healthcare.py","lineno":9,"name":"<module>"}],"is_group":false,"exceptions":[]}]}
{"timestamp":"2025-11-06T17:15:27.972851Z","level":"warning","event":"The `airflow.utils.task_group.TaskGroup` attribute is deprecated. Please use `'airflow.sdk.TaskGroup'`.","category":"DeprecatedImportWarning","filename":"/opt/airflow/dags/healthcare.py","lineno":4,"logger":"py.warnings"}
{"timestamp":"2025-11-06T17:15:59.045278Z","level":"info","event":"Filling up the DagBag from /opt/airflow/dags/healthcare.py","logger":"airflow.models.dagbag.DagBag","filename":"dagbag.py","lineno":593}
{"timestamp":"2025-11-06T17:15:59.627065Z","level":"error","event":"Failed to import: /opt/airflow/dags/healthcare.py","logger":"airflow.models.dagbag.DagBag","filename":"dagbag.py","lineno":415,"error_detail":[{"exc_type":"ModuleNotFoundError","exc_value":"No module named 'matplotlib'","exc_notes":[],"syntax_error":null,"is_cause":false,"frames":[{"filename":"/home/airflow/.local/lib/python3.12/site-packages/airflow/models/dagbag.py","lineno":405,"name":"parse"},{"filename":"<frozen importlib._bootstrap_external>","lineno":999,"name":"exec_module"},{"filename":"<frozen importlib._bootstrap>","lineno":488,"name":"_call_with_frames_removed"},{"filename":"/opt/airflow/dags/healthcare.py","lineno":9,"name":"<module>"}],"is_group":false,"exceptions":[]}]}
{"timestamp":"2025-11-06T17:15:59.653618Z","level":"warning","event":"The `airflow.utils.task_group.TaskGroup` attribute is deprecated. Please use `'airflow.sdk.TaskGroup'`.","category":"DeprecatedImportWarning","filename":"/opt/airflow/dags/healthcare.py","lineno":4,"logger":"py.warnings"}
{"timestamp":"2025-11-06T17:16:29.814232Z","level":"info","event":"Filling up the DagBag from /opt/airflow/dags/healthcare.py","logger":"airflow.models.dagbag.DagBag","filename":"dagbag.py","lineno":593}
{"timestamp":"2025-11-06T17:16:30.402093Z","level":"error","event":"Failed to import: /opt/airflow/dags/healthcare.py","logger":"airflow.models.dagbag.DagBag","filename":"dagbag.py","lineno":415,"error_detail":[{"exc_type":"ModuleNotFoundError","exc_value":"No module named 'matplotlib'","exc_notes":[],"syntax_error":null,"is_cause":false,"frames":[{"filename":"/home/airflow/.local/lib/python3.12/site-packages/airflow/models/dagbag.py","lineno":405,"name":"parse"},{"filename":"<frozen importlib._bootstrap_external>","lineno":999,"name":"exec_module"},{"filename":"<frozen importlib._bootstrap>","lineno":488,"name":"_call_with_frames_removed"},{"filename":"/opt/airflow/dags/healthcare.py","lineno":9,"name":"<module>"}],"is_group":false,"exceptions":[]}]}
{"timestamp":"2025-11-06T17:16:30.410190Z","level":"warning","event":"The `airflow.utils.task_group.TaskGroup` attribute is deprecated. Please use `'airflow.sdk.TaskGroup'`.","category":"DeprecatedImportWarning","filename":"/opt/airflow/dags/healthcare.py","lineno":4,"logger":"py.warnings"}
{"timestamp":"2025-11-06T17:17:00.615050Z","level":"info","event":"Filling up the DagBag from /opt/airflow/dags/healthcare.py","logger":"airflow.models.dagbag.DagBag","filename":"dagbag.py","lineno":593}
{"timestamp":"2025-11-06T17:17:01.256560Z","level":"error","event":"Failed to import: /opt/airflow/dags/healthcare.py","logger":"airflow.models.dagbag.DagBag","filename":"dagbag.py","lineno":415,"error_detail":[{"exc_type":"ModuleNotFoundError","exc_value":"No module named 'matplotlib'","exc_notes":[],"syntax_error":null,"is_cause":false,"frames":[{"filename":"/home/airflow/.local/lib/python3.12/site-packages/airflow/models/dagbag.py","lineno":405,"name":"parse"},{"filename":"<frozen importlib._bootstrap_external>","lineno":999,"name":"exec_module"},{"filename":"<frozen importlib._bootstrap>","lineno":488,"name":"_call_with_frames_removed"},{"filename":"/opt/airflow/dags/healthcare.py","lineno":9,"name":"<module>"}],"is_group":false,"exceptions":[]}]}
{"timestamp":"2025-11-06T17:17:01.265458Z","level":"warning","event":"The `airflow.utils.task_group.TaskGroup` attribute is deprecated. Please use `'airflow.sdk.TaskGroup'`.","category":"DeprecatedImportWarning","filename":"/opt/airflow/dags/healthcare.py","lineno":4,"logger":"py.warnings"}
{"timestamp":"2025-11-06T17:17:31.388318Z","level":"info","event":"Filling up the DagBag from /opt/airflow/dags/healthcare.py","logger":"airflow.models.dagbag.DagBag","filename":"dagbag.py","lineno":593}
{"timestamp":"2025-11-06T17:17:32.088234Z","level":"error","event":"Failed to import: /opt/airflow/dags/healthcare.py","logger":"airflow.models.dagbag.DagBag","filename":"dagbag.py","lineno":415,"error_detail":[{"exc_type":"ModuleNotFoundError","exc_value":"No module named 'matplotlib'","exc_notes":[],"syntax_error":null,"is_cause":false,"frames":[{"filename":"/home/airflow/.local/lib/python3.12/site-packages/airflow/models/dagbag.py","lineno":405,"name":"parse"},{"filename":"<frozen importlib._bootstrap_external>","lineno":999,"name":"exec_module"},{"filename":"<frozen importlib._bootstrap>","lineno":488,"name":"_call_with_frames_removed"},{"filename":"/opt/airflow/dags/healthcare.py","lineno":9,"name":"<module>"}],"is_group":false,"exceptions":[]}]}
{"timestamp":"2025-11-06T17:17:32.097211Z","level":"warning","event":"The `airflow.utils.task_group.TaskGroup` attribute is deprecated. Please use `'airflow.sdk.TaskGroup'`.","category":"DeprecatedImportWarning","filename":"/opt/airflow/dags/healthcare.py","lineno":4,"logger":"py.warnings"}
{"timestamp":"2025-11-06T17:18:02.269595Z","level":"info","event":"Filling up the DagBag from /opt/airflow/dags/healthcare.py","logger":"airflow.models.dagbag.DagBag","filename":"dagbag.py","lineno":593}
{"timestamp":"2025-11-06T17:18:02.960476Z","level":"error","event":"Failed to import: /opt/airflow/dags/healthcare.py","logger":"airflow.models.dagbag.DagBag","filename":"dagbag.py","lineno":415,"error_detail":[{"exc_type":"ModuleNotFoundError","exc_value":"No module named 'matplotlib'","exc_notes":[],"syntax_error":null,"is_cause":false,"frames":[{"filename":"/home/airflow/.local/lib/python3.12/site-packages/airflow/models/dagbag.py","lineno":405,"name":"parse"},{"filename":"<frozen importlib._bootstrap_external>","lineno":999,"name":"exec_module"},{"filename":"<frozen importlib._bootstrap>","lineno":488,"name":"_call_with_frames_removed"},{"filename":"/opt/airflow/dags/healthcare.py","lineno":9,"name":"<module>"}],"is_group":false,"exceptions":[]}]}
{"timestamp":"2025-11-06T17:18:02.974731Z","level":"warning","event":"The `airflow.utils.task_group.TaskGroup` attribute is deprecated. Please use `'airflow.sdk.TaskGroup'`.","category":"DeprecatedImportWarning","filename":"/opt/airflow/dags/healthcare.py","lineno":4,"logger":"py.warnings"}
{"timestamp":"2025-11-06T17:18:33.185578Z","level":"info","event":"Filling up the DagBag from /opt/airflow/dags/healthcare.py","logger":"airflow.models.dagbag.DagBag","filename":"dagbag.py","lineno":593}
{"timestamp":"2025-11-06T17:18:33.850529Z","level":"error","event":"Failed to import: /opt/airflow/dags/healthcare.py","logger":"airflow.models.dagbag.DagBag","filename":"dagbag.py","lineno":415,"error_detail":[{"exc_type":"ModuleNotFoundError","exc_value":"No module named 'matplotlib'","exc_notes":[],"syntax_error":null,"is_cause":false,"frames":[{"filename":"/home/airflow/.local/lib/python3.12/site-packages/airflow/models/dagbag.py","lineno":405,"name":"parse"},{"filename":"<frozen importlib._bootstrap_external>","lineno":999,"name":"exec_module"},{"filename":"<frozen importlib._bootstrap>","lineno":488,"name":"_call_with_frames_removed"},{"filename":"/opt/airflow/dags/healthcare.py","lineno":9,"name":"<module>"}],"is_group":false,"exceptions":[]}]}
{"timestamp":"2025-11-06T17:18:33.859262Z","level":"warning","event":"The `airflow.utils.task_group.TaskGroup` attribute is deprecated. Please use `'airflow.sdk.TaskGroup'`.","category":"DeprecatedImportWarning","filename":"/opt/airflow/dags/healthcare.py","lineno":4,"logger":"py.warnings"}
{"timestamp":"2025-11-06T17:19:04.125456Z","level":"info","event":"Filling up the DagBag from /opt/airflow/dags/healthcare.py","logger":"airflow.models.dagbag.DagBag","filename":"dagbag.py","lineno":593}
{"timestamp":"2025-11-06T17:19:04.834148Z","level":"error","event":"Failed to import: /opt/airflow/dags/healthcare.py","logger":"airflow.models.dagbag.DagBag","filename":"dagbag.py","lineno":415,"error_detail":[{"exc_type":"ModuleNotFoundError","exc_value":"No module named 'matplotlib'","exc_notes":[],"syntax_error":null,"is_cause":false,"frames":[{"filename":"/home/airflow/.local/lib/python3.12/site-packages/airflow/models/dagbag.py","lineno":405,"name":"parse"},{"filename":"<frozen importlib._bootstrap_external>","lineno":999,"name":"exec_module"},{"filename":"<frozen importlib._bootstrap>","lineno":488,"name":"_call_with_frames_removed"},{"filename":"/opt/airflow/dags/healthcare.py","lineno":9,"name":"<module>"}],"is_group":false,"exceptions":[]}]}
{"timestamp":"2025-11-06T17:19:04.844845Z","level":"warning","event":"The `airflow.utils.task_group.TaskGroup` attribute is deprecated. Please use `'airflow.sdk.TaskGroup'`.","category":"DeprecatedImportWarning","filename":"/opt/airflow/dags/healthcare.py","lineno":4,"logger":"py.warnings"}
{"timestamp":"2025-11-06T17:25:07.333870Z","level":"info","event":"Filling up the DagBag from /opt/airflow/dags/healthcare.py","logger":"airflow.models.dagbag.DagBag","filename":"dagbag.py","lineno":593}
{"timestamp":"2025-11-06T17:25:10.894573Z","level":"info","event":"generated new fontManager","logger":"matplotlib.font_manager","filename":"font_manager.py","lineno":1639}
{"timestamp":"2025-11-06T17:25:11.348305Z","level":"warning","event":"The `airflow.utils.task_group.TaskGroup` attribute is deprecated. Please use `'airflow.sdk.TaskGroup'`.","category":"DeprecatedImportWarning","filename":"/opt/airflow/dags/healthcare.py","lineno":4,"logger":"py.warnings"}
{"timestamp":"2025-11-06T17:25:41.867152Z","level":"info","event":"Filling up the DagBag from /opt/airflow/dags/healthcare.py","logger":"airflow.models.dagbag.DagBag","filename":"dagbag.py","lineno":593}
{"timestamp":"2025-11-06T17:25:43.842795Z","level":"warning","event":"The `airflow.utils.task_group.TaskGroup` attribute is deprecated. Please use `'airflow.sdk.TaskGroup'`.","category":"DeprecatedImportWarning","filename":"/opt/airflow/dags/healthcare.py","lineno":4,"logger":"py.warnings"}
{"timestamp":"2025-11-06T17:26:14.129602Z","level":"info","event":"Filling up the DagBag from /opt/airflow/dags/healthcare.py","logger":"airflow.models.dagbag.DagBag","filename":"dagbag.py","lineno":593}
{"timestamp":"2025-11-06T17:26:15.616796Z","level":"warning","event":"The `airflow.utils.task_group.TaskGroup` attribute is deprecated. Please use `'airflow.sdk.TaskGroup'`.","category":"DeprecatedImportWarning","filename":"/opt/airflow/dags/healthcare.py","lineno":4,"logger":"py.warnings"}
{"timestamp":"2025-11-06T17:26:48.288151Z","level":"info","event":"Filling up the DagBag from /opt/airflow/dags/healthcare.py","logger":"airflow.models.dagbag.DagBag","filename":"dagbag.py","lineno":593}
{"timestamp":"2025-11-06T17:26:55.346521Z","level":"warning","event":"The `airflow.utils.task_group.TaskGroup` attribute is deprecated. Please use `'airflow.sdk.TaskGroup'`.","category":"DeprecatedImportWarning","filename":"/opt/airflow/dags/healthcare.py","lineno":4,"logger":"py.warnings"}
{"timestamp":"2025-11-06T17:27:26.233668Z","level":"info","event":"Filling up the DagBag from /opt/airflow/dags/healthcare.py","logger":"airflow.models.dagbag.DagBag","filename":"dagbag.py","lineno":593}
{"timestamp":"2025-11-06T17:27:30.549891Z","level":"warning","event":"The `airflow.utils.task_group.TaskGroup` attribute is deprecated. Please use `'airflow.sdk.TaskGroup'`.","category":"DeprecatedImportWarning","filename":"/opt/airflow/dags/healthcare.py","lineno":4,"logger":"py.warnings"}
{"timestamp":"2025-11-06T17:28:00.861506Z","level":"info","event":"Filling up the DagBag from /opt/airflow/dags/healthcare.py","logger":"airflow.models.dagbag.DagBag","filename":"dagbag.py","lineno":593}
{"timestamp":"2025-11-06T17:28:02.302160Z","level":"warning","event":"The `airflow.utils.task_group.TaskGroup` attribute is deprecated. Please use `'airflow.sdk.TaskGroup'`.","category":"DeprecatedImportWarning","filename":"/opt/airflow/dags/healthcare.py","lineno":4,"logger":"py.warnings"}
{"timestamp":"2025-11-06T17:28:32.535690Z","level":"info","event":"Filling up the DagBag from /opt/airflow/dags/healthcare.py","logger":"airflow.models.dagbag.DagBag","filename":"dagbag.py","lineno":593}
{"timestamp":"2025-11-06T17:28:34.099324Z","level":"warning","event":"The `airflow.utils.task_group.TaskGroup` attribute is deprecated. Please use `'airflow.sdk.TaskGroup'`.","category":"DeprecatedImportWarning","filename":"/opt/airflow/dags/healthcare.py","lineno":4,"logger":"py.warnings"}
{"timestamp":"2025-11-06T17:29:04.326163Z","level":"info","event":"Filling up the DagBag from /opt/airflow/dags/healthcare.py","logger":"airflow.models.dagbag.DagBag","filename":"dagbag.py","lineno":593}
{"timestamp":"2025-11-06T17:29:06.072852Z","level":"warning","event":"The `airflow.utils.task_group.TaskGroup` attribute is deprecated. Please use `'airflow.sdk.TaskGroup'`.","category":"DeprecatedImportWarning","filename":"/opt/airflow/dags/healthcare.py","lineno":4,"logger":"py.warnings"}
{"timestamp":"2025-11-06T17:29:36.276101Z","level":"info","event":"Filling up the DagBag from /opt/airflow/dags/healthcare.py","logger":"airflow.models.dagbag.DagBag","filename":"dagbag.py","lineno":593}
{"timestamp":"2025-11-06T17:29:37.581438Z","level":"warning","event":"The `airflow.utils.task_group.TaskGroup` attribute is deprecated. Please use `'airflow.sdk.TaskGroup'`.","category":"DeprecatedImportWarning","filename":"/opt/airflow/dags/healthcare.py","lineno":4,"logger":"py.warnings"}
{"timestamp":"2025-11-06T17:30:07.808688Z","level":"info","event":"Filling up the DagBag from /opt/airflow/dags/healthcare.py","logger":"airflow.models.dagbag.DagBag","filename":"dagbag.py","lineno":593}
{"timestamp":"2025-11-06T17:30:09.183515Z","level":"warning","event":"The `airflow.utils.task_group.TaskGroup` attribute is deprecated. Please use `'airflow.sdk.TaskGroup'`.","category":"DeprecatedImportWarning","filename":"/opt/airflow/dags/healthcare.py","lineno":4,"logger":"py.warnings"}
{"timestamp":"2025-11-06T17:30:39.421441Z","level":"info","event":"Filling up the DagBag from /opt/airflow/dags/healthcare.py","logger":"airflow.models.dagbag.DagBag","filename":"dagbag.py","lineno":593}
{"timestamp":"2025-11-06T17:30:40.711305Z","level":"warning","event":"The `airflow.utils.task_group.TaskGroup` attribute is deprecated. Please use `'airflow.sdk.TaskGroup'`.","category":"DeprecatedImportWarning","filename":"/opt/airflow/dags/healthcare.py","lineno":4,"logger":"py.warnings"}
{"timestamp":"2025-11-06T17:31:11.021721Z","level":"info","event":"Filling up the DagBag from /opt/airflow/dags/healthcare.py","logger":"airflow.models.dagbag.DagBag","filename":"dagbag.py","lineno":593}
{"timestamp":"2025-11-06T17:31:12.455924Z","level":"warning","event":"The `airflow.utils.task_group.TaskGroup` attribute is deprecated. Please use `'airflow.sdk.TaskGroup'`.","category":"DeprecatedImportWarning","filename":"/opt/airflow/dags/healthcare.py","lineno":4,"logger":"py.warnings"}
{"timestamp":"2025-11-06T17:31:42.680477Z","level":"info","event":"Filling up the DagBag from /opt/airflow/dags/healthcare.py","logger":"airflow.models.dagbag.DagBag","filename":"dagbag.py","lineno":593}
{"timestamp":"2025-11-06T17:31:43.858743Z","level":"warning","event":"The `airflow.utils.task_group.TaskGroup` attribute is deprecated. Please use `'airflow.sdk.TaskGroup'`.","category":"DeprecatedImportWarning","filename":"/opt/airflow/dags/healthcare.py","lineno":4,"logger":"py.warnings"}
{"timestamp":"2025-11-06T17:32:14.075349Z","level":"info","event":"Filling up the DagBag from /opt/airflow/dags/healthcare.py","logger":"airflow.models.dagbag.DagBag","filename":"dagbag.py","lineno":593}
{"timestamp":"2025-11-06T17:32:15.512069Z","level":"warning","event":"The `airflow.utils.task_group.TaskGroup` attribute is deprecated. Please use `'airflow.sdk.TaskGroup'`.","category":"DeprecatedImportWarning","filename":"/opt/airflow/dags/healthcare.py","lineno":4,"logger":"py.warnings"}
{"timestamp":"2025-11-06T17:32:45.812999Z","level":"info","event":"Filling up the DagBag from /opt/airflow/dags/healthcare.py","logger":"airflow.models.dagbag.DagBag","filename":"dagbag.py","lineno":593}
{"timestamp":"2025-11-06T17:32:47.205813Z","level":"warning","event":"The `airflow.utils.task_group.TaskGroup` attribute is deprecated. Please use `'airflow.sdk.TaskGroup'`.","category":"DeprecatedImportWarning","filename":"/opt/airflow/dags/healthcare.py","lineno":4,"logger":"py.warnings"}
{"timestamp":"2025-11-06T17:33:17.448896Z","level":"info","event":"Filling up the DagBag from /opt/airflow/dags/healthcare.py","logger":"airflow.models.dagbag.DagBag","filename":"dagbag.py","lineno":593}
{"timestamp":"2025-11-06T17:33:19.100247Z","level":"warning","event":"The `airflow.utils.task_group.TaskGroup` attribute is deprecated. Please use `'airflow.sdk.TaskGroup'`.","category":"DeprecatedImportWarning","filename":"/opt/airflow/dags/healthcare.py","lineno":4,"logger":"py.warnings"}
{"timestamp":"2025-11-06T17:33:49.334310Z","level":"info","event":"Filling up the DagBag from /opt/airflow/dags/healthcare.py","logger":"airflow.models.dagbag.DagBag","filename":"dagbag.py","lineno":593}
{"timestamp":"2025-11-06T17:33:50.899539Z","level":"warning","event":"The `airflow.utils.task_group.TaskGroup` attribute is deprecated. Please use `'airflow.sdk.TaskGroup'`.","category":"DeprecatedImportWarning","filename":"/opt/airflow/dags/healthcare.py","lineno":4,"logger":"py.warnings"}
{"timestamp":"2025-11-06T17:34:21.169540Z","level":"info","event":"Filling up the DagBag from /opt/airflow/dags/healthcare.py","logger":"airflow.models.dagbag.DagBag","filename":"dagbag.py","lineno":593}
{"timestamp":"2025-11-06T17:34:22.356503Z","level":"warning","event":"The `airflow.utils.task_group.TaskGroup` attribute is deprecated. Please use `'airflow.sdk.TaskGroup'`.","category":"DeprecatedImportWarning","filename":"/opt/airflow/dags/healthcare.py","lineno":4,"logger":"py.warnings"}
{"timestamp":"2025-11-06T17:34:52.705294Z","level":"info","event":"Filling up the DagBag from /opt/airflow/dags/healthcare.py","logger":"airflow.models.dagbag.DagBag","filename":"dagbag.py","lineno":593}
{"timestamp":"2025-11-06T17:34:54.408712Z","level":"warning","event":"The `airflow.utils.task_group.TaskGroup` attribute is deprecated. Please use `'airflow.sdk.TaskGroup'`.","category":"DeprecatedImportWarning","filename":"/opt/airflow/dags/healthcare.py","lineno":4,"logger":"py.warnings"}
{"timestamp":"2025-11-06T17:35:24.563013Z","level":"info","event":"Filling up the DagBag from /opt/airflow/dags/healthcare.py","logger":"airflow.models.dagbag.DagBag","filename":"dagbag.py","lineno":593}
{"timestamp":"2025-11-06T17:35:25.736107Z","level":"warning","event":"The `airflow.utils.task_group.TaskGroup` attribute is deprecated. Please use `'airflow.sdk.TaskGroup'`.","category":"DeprecatedImportWarning","filename":"/opt/airflow/dags/healthcare.py","lineno":4,"logger":"py.warnings"}
{"timestamp":"2025-11-06T17:35:57.388458Z","level":"info","event":"Filling up the DagBag from /opt/airflow/dags/healthcare.py","logger":"airflow.models.dagbag.DagBag","filename":"dagbag.py","lineno":593}
{"timestamp":"2025-11-06T17:35:58.697039Z","level":"warning","event":"The `airflow.utils.task_group.TaskGroup` attribute is deprecated. Please use `'airflow.sdk.TaskGroup'`.","category":"DeprecatedImportWarning","filename":"/opt/airflow/dags/healthcare.py","lineno":4,"logger":"py.warnings"}
{"timestamp":"2025-11-06T17:36:28.966929Z","level":"info","event":"Filling up the DagBag from /opt/airflow/dags/healthcare.py","logger":"airflow.models.dagbag.DagBag","filename":"dagbag.py","lineno":593}
{"timestamp":"2025-11-06T17:36:30.498854Z","level":"warning","event":"The `airflow.utils.task_group.TaskGroup` attribute is deprecated. Please use `'airflow.sdk.TaskGroup'`.","category":"DeprecatedImportWarning","filename":"/opt/airflow/dags/healthcare.py","lineno":4,"logger":"py.warnings"}
{"timestamp":"2025-11-06T17:37:01.462890Z","level":"info","event":"Filling up the DagBag from /opt/airflow/dags/healthcare.py","logger":"airflow.models.dagbag.DagBag","filename":"dagbag.py","lineno":593}
{"timestamp":"2025-11-06T17:37:02.504214Z","level":"warning","event":"The `airflow.utils.task_group.TaskGroup` attribute is deprecated. Please use `'airflow.sdk.TaskGroup'`.","category":"DeprecatedImportWarning","filename":"/opt/airflow/dags/healthcare.py","lineno":4,"logger":"py.warnings"}
{"timestamp":"2025-11-06T17:37:32.654978Z","level":"info","event":"Filling up the DagBag from /opt/airflow/dags/healthcare.py","logger":"airflow.models.dagbag.DagBag","filename":"dagbag.py","lineno":593}
{"timestamp":"2025-11-06T17:37:34.184024Z","level":"warning","event":"The `airflow.utils.task_group.TaskGroup` attribute is deprecated. Please use `'airflow.sdk.TaskGroup'`.","category":"DeprecatedImportWarning","filename":"/opt/airflow/dags/healthcare.py","lineno":4,"logger":"py.warnings"}
{"timestamp":"2025-11-06T17:38:05.139883Z","level":"info","event":"Filling up the DagBag from /opt/airflow/dags/healthcare.py","logger":"airflow.models.dagbag.DagBag","filename":"dagbag.py","lineno":593}
{"timestamp":"2025-11-06T17:38:06.163174Z","level":"warning","event":"The `airflow.utils.task_group.TaskGroup` attribute is deprecated. Please use `'airflow.sdk.TaskGroup'`.","category":"DeprecatedImportWarning","filename":"/opt/airflow/dags/healthcare.py","lineno":4,"logger":"py.warnings"}
{"timestamp":"2025-11-06T17:38:36.282392Z","level":"info","event":"Filling up the DagBag from /opt/airflow/dags/healthcare.py","logger":"airflow.models.dagbag.DagBag","filename":"dagbag.py","lineno":593}
{"timestamp":"2025-11-06T17:38:38.307169Z","level":"warning","event":"The `airflow.utils.task_group.TaskGroup` attribute is deprecated. Please use `'airflow.sdk.TaskGroup'`.","category":"DeprecatedImportWarning","filename":"/opt/airflow/dags/healthcare.py","lineno":4,"logger":"py.warnings"}
{"timestamp":"2025-11-06T17:39:08.683648Z","level":"info","event":"Filling up the DagBag from /opt/airflow/dags/healthcare.py","logger":"airflow.models.dagbag.DagBag","filename":"dagbag.py","lineno":593}
{"timestamp":"2025-11-06T17:39:10.127510Z","level":"warning","event":"The `airflow.utils.task_group.TaskGroup` attribute is deprecated. Please use `'airflow.sdk.TaskGroup'`.","category":"DeprecatedImportWarning","filename":"/opt/airflow/dags/healthcare.py","lineno":4,"logger":"py.warnings"}
{"timestamp":"2025-11-06T17:39:40.300741Z","level":"info","event":"Filling up the DagBag from /opt/airflow/dags/healthcare.py","logger":"airflow.models.dagbag.DagBag","filename":"dagbag.py","lineno":593}
{"timestamp":"2025-11-06T17:39:42.159111Z","level":"warning","event":"The `airflow.utils.task_group.TaskGroup` attribute is deprecated. Please use `'airflow.sdk.TaskGroup'`.","category":"DeprecatedImportWarning","filename":"/opt/airflow/dags/healthcare.py","lineno":4,"logger":"py.warnings"}
{"timestamp":"2025-11-06T17:40:13.202204Z","level":"info","event":"Filling up the DagBag from /opt/airflow/dags/healthcare.py","logger":"airflow.models.dagbag.DagBag","filename":"dagbag.py","lineno":593}
{"timestamp":"2025-11-06T17:40:14.697625Z","level":"warning","event":"The `airflow.utils.task_group.TaskGroup` attribute is deprecated. Please use `'airflow.sdk.TaskGroup'`.","category":"DeprecatedImportWarning","filename":"/opt/airflow/dags/healthcare.py","lineno":4,"logger":"py.warnings"}
{"timestamp":"2025-11-06T17:40:45.745484Z","level":"info","event":"Filling up the DagBag from /opt/airflow/dags/healthcare.py","logger":"airflow.models.dagbag.DagBag","filename":"dagbag.py","lineno":593}
{"timestamp":"2025-11-06T17:40:47.818297Z","level":"warning","event":"The `airflow.utils.task_group.TaskGroup` attribute is deprecated. Please use `'airflow.sdk.TaskGroup'`.","category":"DeprecatedImportWarning","filename":"/opt/airflow/dags/healthcare.py","lineno":4,"logger":"py.warnings"}
{"timestamp":"2025-11-06T17:41:18.181352Z","level":"info","event":"Filling up the DagBag from /opt/airflow/dags/healthcare.py","logger":"airflow.models.dagbag.DagBag","filename":"dagbag.py","lineno":593}
{"timestamp":"2025-11-06T17:41:19.697324Z","level":"warning","event":"The `airflow.utils.task_group.TaskGroup` attribute is deprecated. Please use `'airflow.sdk.TaskGroup'`.","category":"DeprecatedImportWarning","filename":"/opt/airflow/dags/healthcare.py","lineno":4,"logger":"py.warnings"}
{"timestamp":"2025-11-06T17:41:50.722118Z","level":"info","event":"Filling up the DagBag from /opt/airflow/dags/healthcare.py","logger":"airflow.models.dagbag.DagBag","filename":"dagbag.py","lineno":593}
{"timestamp":"2025-11-06T17:41:53.087121Z","level":"warning","event":"The `airflow.utils.task_group.TaskGroup` attribute is deprecated. Please use `'airflow.sdk.TaskGroup'`.","category":"DeprecatedImportWarning","filename":"/opt/airflow/dags/healthcare.py","lineno":4,"logger":"py.warnings"}
{"timestamp":"2025-11-06T17:42:23.222168Z","level":"info","event":"Filling up the DagBag from /opt/airflow/dags/healthcare.py","logger":"airflow.models.dagbag.DagBag","filename":"dagbag.py","lineno":593}
{"timestamp":"2025-11-06T17:42:25.013883Z","level":"warning","event":"The `airflow.utils.task_group.TaskGroup` attribute is deprecated. Please use `'airflow.sdk.TaskGroup'`.","category":"DeprecatedImportWarning","filename":"/opt/airflow/dags/healthcare.py","lineno":4,"logger":"py.warnings"}
{"timestamp":"2025-11-06T17:42:55.291570Z","level":"info","event":"Filling up the DagBag from /opt/airflow/dags/healthcare.py","logger":"airflow.models.dagbag.DagBag","filename":"dagbag.py","lineno":593}
{"timestamp":"2025-11-06T17:42:57.089089Z","level":"warning","event":"The `airflow.utils.task_group.TaskGroup` attribute is deprecated. Please use `'airflow.sdk.TaskGroup'`.","category":"DeprecatedImportWarning","filename":"/opt/airflow/dags/healthcare.py","lineno":4,"logger":"py.warnings"}
{"timestamp":"2025-11-06T17:43:27.328172Z","level":"info","event":"Filling up the DagBag from /opt/airflow/dags/healthcare.py","logger":"airflow.models.dagbag.DagBag","filename":"dagbag.py","lineno":593}
{"timestamp":"2025-11-06T17:43:28.950057Z","level":"warning","event":"The `airflow.utils.task_group.TaskGroup` attribute is deprecated. Please use `'airflow.sdk.TaskGroup'`.","category":"DeprecatedImportWarning","filename":"/opt/airflow/dags/healthcare.py","lineno":4,"logger":"py.warnings"}
{"timestamp":"2025-11-06T17:43:59.250243Z","level":"info","event":"Filling up the DagBag from /opt/airflow/dags/healthcare.py","logger":"airflow.models.dagbag.DagBag","filename":"dagbag.py","lineno":593}
{"timestamp":"2025-11-06T17:44:02.328008Z","level":"warning","event":"The `airflow.utils.task_group.TaskGroup` attribute is deprecated. Please use `'airflow.sdk.TaskGroup'`.","category":"DeprecatedImportWarning","filename":"/opt/airflow/dags/healthcare.py","lineno":4,"logger":"py.warnings"}
{"timestamp":"2025-11-06T17:44:32.524742Z","level":"info","event":"Filling up the DagBag from /opt/airflow/dags/healthcare.py","logger":"airflow.models.dagbag.DagBag","filename":"dagbag.py","lineno":593}
{"timestamp":"2025-11-06T17:44:34.154920Z","level":"warning","event":"The `airflow.utils.task_group.TaskGroup` attribute is deprecated. Please use `'airflow.sdk.TaskGroup'`.","category":"DeprecatedImportWarning","filename":"/opt/airflow/dags/healthcare.py","lineno":4,"logger":"py.warnings"}
{"timestamp":"2025-11-06T17:45:05.136100Z","level":"info","event":"Filling up the DagBag from /opt/airflow/dags/healthcare.py","logger":"airflow.models.dagbag.DagBag","filename":"dagbag.py","lineno":593}
{"timestamp":"2025-11-06T17:45:06.602865Z","level":"warning","event":"The `airflow.utils.task_group.TaskGroup` attribute is deprecated. Please use `'airflow.sdk.TaskGroup'`.","category":"DeprecatedImportWarning","filename":"/opt/airflow/dags/healthcare.py","lineno":4,"logger":"py.warnings"}
{"timestamp":"2025-11-06T17:45:36.923880Z","level":"info","event":"Filling up the DagBag from /opt/airflow/dags/healthcare.py","logger":"airflow.models.dagbag.DagBag","filename":"dagbag.py","lineno":593}
{"timestamp":"2025-11-06T17:45:38.323521Z","level":"warning","event":"The `airflow.utils.task_group.TaskGroup` attribute is deprecated. Please use `'airflow.sdk.TaskGroup'`.","category":"DeprecatedImportWarning","filename":"/opt/airflow/dags/healthcare.py","lineno":4,"logger":"py.warnings"}
{"timestamp":"2025-11-06T17:46:08.535997Z","level":"info","event":"Filling up the DagBag from /opt/airflow/dags/healthcare.py","logger":"airflow.models.dagbag.DagBag","filename":"dagbag.py","lineno":593}
{"timestamp":"2025-11-06T17:46:10.144852Z","level":"warning","event":"The `airflow.utils.task_group.TaskGroup` attribute is deprecated. Please use `'airflow.sdk.TaskGroup'`.","category":"DeprecatedImportWarning","filename":"/opt/airflow/dags/healthcare.py","lineno":4,"logger":"py.warnings"}
{"timestamp":"2025-11-06T17:46:40.340176Z","level":"info","event":"Filling up the DagBag from /opt/airflow/dags/healthcare.py","logger":"airflow.models.dagbag.DagBag","filename":"dagbag.py","lineno":593}
{"timestamp":"2025-11-06T17:46:41.976938Z","level":"warning","event":"The `airflow.utils.task_group.TaskGroup` attribute is deprecated. Please use `'airflow.sdk.TaskGroup'`.","category":"DeprecatedImportWarning","filename":"/opt/airflow/dags/healthcare.py","lineno":4,"logger":"py.warnings"}
{"timestamp":"2025-11-06T17:47:12.239192Z","level":"info","event":"Filling up the DagBag from /opt/airflow/dags/healthcare.py","logger":"airflow.models.dagbag.DagBag","filename":"dagbag.py","lineno":593}
{"timestamp":"2025-11-06T17:47:13.951890Z","level":"warning","event":"The `airflow.utils.task_group.TaskGroup` attribute is deprecated. Please use `'airflow.sdk.TaskGroup'`.","category":"DeprecatedImportWarning","filename":"/opt/airflow/dags/healthcare.py","lineno":4,"logger":"py.warnings"}
{"timestamp":"2025-11-06T17:47:44.125638Z","level":"info","event":"Filling up the DagBag from /opt/airflow/dags/healthcare.py","logger":"airflow.models.dagbag.DagBag","filename":"dagbag.py","lineno":593}
{"timestamp":"2025-11-06T17:47:45.491320Z","level":"warning","event":"The `airflow.utils.task_group.TaskGroup` attribute is deprecated. Please use `'airflow.sdk.TaskGroup'`.","category":"DeprecatedImportWarning","filename":"/opt/airflow/dags/healthcare.py","lineno":4,"logger":"py.warnings"}
{"timestamp":"2025-11-06T17:48:16.483107Z","level":"info","event":"Filling up the DagBag from /opt/airflow/dags/healthcare.py","logger":"airflow.models.dagbag.DagBag","filename":"dagbag.py","lineno":593}
{"timestamp":"2025-11-06T17:48:18.066899Z","level":"warning","event":"The `airflow.utils.task_group.TaskGroup` attribute is deprecated. Please use `'airflow.sdk.TaskGroup'`.","category":"DeprecatedImportWarning","filename":"/opt/airflow/dags/healthcare.py","lineno":4,"logger":"py.warnings"}
{"timestamp":"2025-11-06T17:48:48.324110Z","level":"info","event":"Filling up the DagBag from /opt/airflow/dags/healthcare.py","logger":"airflow.models.dagbag.DagBag","filename":"dagbag.py","lineno":593}
{"timestamp":"2025-11-06T17:48:49.893187Z","level":"warning","event":"The `airflow.utils.task_group.TaskGroup` attribute is deprecated. Please use `'airflow.sdk.TaskGroup'`.","category":"DeprecatedImportWarning","filename":"/opt/airflow/dags/healthcare.py","lineno":4,"logger":"py.warnings"}
{"timestamp":"2025-11-06T17:49:20.114125Z","level":"info","event":"Filling up the DagBag from /opt/airflow/dags/healthcare.py","logger":"airflow.models.dagbag.DagBag","filename":"dagbag.py","lineno":593}
{"timestamp":"2025-11-06T17:49:21.957555Z","level":"warning","event":"The `airflow.utils.task_group.TaskGroup` attribute is deprecated. Please use `'airflow.sdk.TaskGroup'`.","category":"DeprecatedImportWarning","filename":"/opt/airflow/dags/healthcare.py","lineno":4,"logger":"py.warnings"}
{"timestamp":"2025-11-06T17:49:52.143377Z","level":"info","event":"Filling up the DagBag from /opt/airflow/dags/healthcare.py","logger":"airflow.models.dagbag.DagBag","filename":"dagbag.py","lineno":593}
{"timestamp":"2025-11-06T17:49:53.674174Z","level":"warning","event":"The `airflow.utils.task_group.TaskGroup` attribute is deprecated. Please use `'airflow.sdk.TaskGroup'`.","category":"DeprecatedImportWarning","filename":"/opt/airflow/dags/healthcare.py","lineno":4,"logger":"py.warnings"}
{"timestamp":"2025-11-06T17:50:24.685925Z","level":"info","event":"Filling up the DagBag from /opt/airflow/dags/healthcare.py","logger":"airflow.models.dagbag.DagBag","filename":"dagbag.py","lineno":593}
{"timestamp":"2025-11-06T17:50:26.168018Z","level":"warning","event":"The `airflow.utils.task_group.TaskGroup` attribute is deprecated. Please use `'airflow.sdk.TaskGroup'`.","category":"DeprecatedImportWarning","filename":"/opt/airflow/dags/healthcare.py","lineno":4,"logger":"py.warnings"}
{"timestamp":"2025-11-06T17:50:56.714336Z","level":"info","event":"Filling up the DagBag from /opt/airflow/dags/healthcare.py","logger":"airflow.models.dagbag.DagBag","filename":"dagbag.py","lineno":593}
{"timestamp":"2025-11-06T17:50:58.851834Z","level":"warning","event":"The `airflow.utils.task_group.TaskGroup` attribute is deprecated. Please use `'airflow.sdk.TaskGroup'`.","category":"DeprecatedImportWarning","filename":"/opt/airflow/dags/healthcare.py","lineno":4,"logger":"py.warnings"}
{"timestamp":"2025-11-06T17:51:29.508058Z","level":"info","event":"Filling up the DagBag from /opt/airflow/dags/healthcare.py","logger":"airflow.models.dagbag.DagBag","filename":"dagbag.py","lineno":593}
{"timestamp":"2025-11-06T17:51:31.271811Z","level":"warning","event":"The `airflow.utils.task_group.TaskGroup` attribute is deprecated. Please use `'airflow.sdk.TaskGroup'`.","category":"DeprecatedImportWarning","filename":"/opt/airflow/dags/healthcare.py","lineno":4,"logger":"py.warnings"}
{"timestamp":"2025-11-06T17:52:02.316987Z","level":"info","event":"Filling up the DagBag from /opt/airflow/dags/healthcare.py","logger":"airflow.models.dagbag.DagBag","filename":"dagbag.py","lineno":593}
{"timestamp":"2025-11-06T17:52:03.817663Z","level":"warning","event":"The `airflow.utils.task_group.TaskGroup` attribute is deprecated. Please use `'airflow.sdk.TaskGroup'`.","category":"DeprecatedImportWarning","filename":"/opt/airflow/dags/healthcare.py","lineno":4,"logger":"py.warnings"}
{"timestamp":"2025-11-06T17:52:33.985125Z","level":"info","event":"Filling up the DagBag from /opt/airflow/dags/healthcare.py","logger":"airflow.models.dagbag.DagBag","filename":"dagbag.py","lineno":593}
{"timestamp":"2025-11-06T17:52:35.302641Z","level":"warning","event":"The `airflow.utils.task_group.TaskGroup` attribute is deprecated. Please use `'airflow.sdk.TaskGroup'`.","category":"DeprecatedImportWarning","filename":"/opt/airflow/dags/healthcare.py","lineno":4,"logger":"py.warnings"}
{"timestamp":"2025-11-06T17:53:06.335621Z","level":"info","event":"Filling up the DagBag from /opt/airflow/dags/healthcare.py","logger":"airflow.models.dagbag.DagBag","filename":"dagbag.py","lineno":593}
{"timestamp":"2025-11-06T17:53:08.078845Z","level":"warning","event":"The `airflow.utils.task_group.TaskGroup` attribute is deprecated. Please use `'airflow.sdk.TaskGroup'`.","category":"DeprecatedImportWarning","filename":"/opt/airflow/dags/healthcare.py","lineno":4,"logger":"py.warnings"}
{"timestamp":"2025-11-06T17:53:38.333695Z","level":"info","event":"Filling up the DagBag from /opt/airflow/dags/healthcare.py","logger":"airflow.models.dagbag.DagBag","filename":"dagbag.py","lineno":593}
{"timestamp":"2025-11-06T17:53:39.991303Z","level":"warning","event":"The `airflow.utils.task_group.TaskGroup` attribute is deprecated. Please use `'airflow.sdk.TaskGroup'`.","category":"DeprecatedImportWarning","filename":"/opt/airflow/dags/healthcare.py","lineno":4,"logger":"py.warnings"}
{"timestamp":"2025-11-06T17:54:10.118708Z","level":"info","event":"Filling up the DagBag from /opt/airflow/dags/healthcare.py","logger":"airflow.models.dagbag.DagBag","filename":"dagbag.py","lineno":593}
{"timestamp":"2025-11-06T17:54:11.627842Z","level":"warning","event":"The `airflow.utils.task_group.TaskGroup` attribute is deprecated. Please use `'airflow.sdk.TaskGroup'`.","category":"DeprecatedImportWarning","filename":"/opt/airflow/dags/healthcare.py","lineno":4,"logger":"py.warnings"}
{"timestamp":"2025-11-06T17:54:41.873172Z","level":"info","event":"Filling up the DagBag from /opt/airflow/dags/healthcare.py","logger":"airflow.models.dagbag.DagBag","filename":"dagbag.py","lineno":593}
{"timestamp":"2025-11-06T17:54:43.255124Z","level":"warning","event":"The `airflow.utils.task_group.TaskGroup` attribute is deprecated. Please use `'airflow.sdk.TaskGroup'`.","category":"DeprecatedImportWarning","filename":"/opt/airflow/dags/healthcare.py","lineno":4,"logger":"py.warnings"}
{"timestamp":"2025-11-06T17:55:14.254554Z","level":"info","event":"Filling up the DagBag from /opt/airflow/dags/healthcare.py","logger":"airflow.models.dagbag.DagBag","filename":"dagbag.py","lineno":593}
{"timestamp":"2025-11-06T17:55:15.688207Z","level":"warning","event":"The `airflow.utils.task_group.TaskGroup` attribute is deprecated. Please use `'airflow.sdk.TaskGroup'`.","category":"DeprecatedImportWarning","filename":"/opt/airflow/dags/healthcare.py","lineno":4,"logger":"py.warnings"}
{"timestamp":"2025-11-06T17:55:45.813681Z","level":"info","event":"Filling up the DagBag from /opt/airflow/dags/healthcare.py","logger":"airflow.models.dagbag.DagBag","filename":"dagbag.py","lineno":593}
{"timestamp":"2025-11-06T17:55:47.526246Z","level":"warning","event":"The `airflow.utils.task_group.TaskGroup` attribute is deprecated. Please use `'airflow.sdk.TaskGroup'`.","category":"DeprecatedImportWarning","filename":"/opt/airflow/dags/healthcare.py","lineno":4,"logger":"py.warnings"}
{"timestamp":"2025-11-06T17:56:17.763434Z","level":"info","event":"Filling up the DagBag from /opt/airflow/dags/healthcare.py","logger":"airflow.models.dagbag.DagBag","filename":"dagbag.py","lineno":593}
{"timestamp":"2025-11-06T17:56:19.511097Z","level":"warning","event":"The `airflow.utils.task_group.TaskGroup` attribute is deprecated. Please use `'airflow.sdk.TaskGroup'`.","category":"DeprecatedImportWarning","filename":"/opt/airflow/dags/healthcare.py","lineno":4,"logger":"py.warnings"}
{"timestamp":"2025-11-06T17:56:49.783780Z","level":"info","event":"Filling up the DagBag from /opt/airflow/dags/healthcare.py","logger":"airflow.models.dagbag.DagBag","filename":"dagbag.py","lineno":593}
{"timestamp":"2025-11-06T17:56:51.637695Z","level":"warning","event":"The `airflow.utils.task_group.TaskGroup` attribute is deprecated. Please use `'airflow.sdk.TaskGroup'`.","category":"DeprecatedImportWarning","filename":"/opt/airflow/dags/healthcare.py","lineno":4,"logger":"py.warnings"}
{"timestamp":"2025-11-06T17:57:21.824109Z","level":"info","event":"Filling up the DagBag from /opt/airflow/dags/healthcare.py","logger":"airflow.models.dagbag.DagBag","filename":"dagbag.py","lineno":593}
{"timestamp":"2025-11-06T17:57:23.239986Z","level":"warning","event":"The `airflow.utils.task_group.TaskGroup` attribute is deprecated. Please use `'airflow.sdk.TaskGroup'`.","category":"DeprecatedImportWarning","filename":"/opt/airflow/dags/healthcare.py","lineno":4,"logger":"py.warnings"}
{"timestamp":"2025-11-06T17:57:53.370479Z","level":"info","event":"Filling up the DagBag from /opt/airflow/dags/healthcare.py","logger":"airflow.models.dagbag.DagBag","filename":"dagbag.py","lineno":593}
{"timestamp":"2025-11-06T17:57:55.067955Z","level":"warning","event":"The `airflow.utils.task_group.TaskGroup` attribute is deprecated. Please use `'airflow.sdk.TaskGroup'`.","category":"DeprecatedImportWarning","filename":"/opt/airflow/dags/healthcare.py","lineno":4,"logger":"py.warnings"}
{"timestamp":"2025-11-06T17:58:25.245202Z","level":"info","event":"Filling up the DagBag from /opt/airflow/dags/healthcare.py","logger":"airflow.models.dagbag.DagBag","filename":"dagbag.py","lineno":593}
{"timestamp":"2025-11-06T17:58:26.967548Z","level":"warning","event":"The `airflow.utils.task_group.TaskGroup` attribute is deprecated. Please use `'airflow.sdk.TaskGroup'`.","category":"DeprecatedImportWarning","filename":"/opt/airflow/dags/healthcare.py","lineno":4,"logger":"py.warnings"}
{"timestamp":"2025-11-06T17:58:57.227905Z","level":"info","event":"Filling up the DagBag from /opt/airflow/dags/healthcare.py","logger":"airflow.models.dagbag.DagBag","filename":"dagbag.py","lineno":593}
{"timestamp":"2025-11-06T17:58:59.218456Z","level":"warning","event":"The `airflow.utils.task_group.TaskGroup` attribute is deprecated. Please use `'airflow.sdk.TaskGroup'`.","category":"DeprecatedImportWarning","filename":"/opt/airflow/dags/healthcare.py","lineno":4,"logger":"py.warnings"}
{"timestamp":"2025-11-06T17:59:29.478561Z","level":"info","event":"Filling up the DagBag from /opt/airflow/dags/healthcare.py","logger":"airflow.models.dagbag.DagBag","filename":"dagbag.py","lineno":593}
{"timestamp":"2025-11-06T17:59:31.258085Z","level":"warning","event":"The `airflow.utils.task_group.TaskGroup` attribute is deprecated. Please use `'airflow.sdk.TaskGroup'`.","category":"DeprecatedImportWarning","filename":"/opt/airflow/dags/healthcare.py","lineno":4,"logger":"py.warnings"}
{"timestamp":"2025-11-06T18:00:01.422549Z","level":"info","event":"Filling up the DagBag from /opt/airflow/dags/healthcare.py","logger":"airflow.models.dagbag.DagBag","filename":"dagbag.py","lineno":593}
{"timestamp":"2025-11-06T18:00:03.091098Z","level":"warning","event":"The `airflow.utils.task_group.TaskGroup` attribute is deprecated. Please use `'airflow.sdk.TaskGroup'`.","category":"DeprecatedImportWarning","filename":"/opt/airflow/dags/healthcare.py","lineno":4,"logger":"py.warnings"}
{"timestamp":"2025-11-06T18:00:33.361948Z","level":"info","event":"Filling up the DagBag from /opt/airflow/dags/healthcare.py","logger":"airflow.models.dagbag.DagBag","filename":"dagbag.py","lineno":593}
{"timestamp":"2025-11-06T18:00:35.091791Z","level":"warning","event":"The `airflow.utils.task_group.TaskGroup` attribute is deprecated. Please use `'airflow.sdk.TaskGroup'`.","category":"DeprecatedImportWarning","filename":"/opt/airflow/dags/healthcare.py","lineno":4,"logger":"py.warnings"}
{"timestamp":"2025-11-06T18:01:05.336332Z","level":"info","event":"Filling up the DagBag from /opt/airflow/dags/healthcare.py","logger":"airflow.models.dagbag.DagBag","filename":"dagbag.py","lineno":593}
{"timestamp":"2025-11-06T18:01:07.958419Z","level":"warning","event":"The `airflow.utils.task_group.TaskGroup` attribute is deprecated. Please use `'airflow.sdk.TaskGroup'`.","category":"DeprecatedImportWarning","filename":"/opt/airflow/dags/healthcare.py","lineno":4,"logger":"py.warnings"}
{"timestamp":"2025-11-06T18:01:38.883600Z","level":"info","event":"Filling up the DagBag from /opt/airflow/dags/healthcare.py","logger":"airflow.models.dagbag.DagBag","filename":"dagbag.py","lineno":593}
{"timestamp":"2025-11-06T18:01:40.947514Z","level":"warning","event":"The `airflow.utils.task_group.TaskGroup` attribute is deprecated. Please use `'airflow.sdk.TaskGroup'`.","category":"DeprecatedImportWarning","filename":"/opt/airflow/dags/healthcare.py","lineno":4,"logger":"py.warnings"}
{"timestamp":"2025-11-06T18:02:11.076842Z","level":"info","event":"Filling up the DagBag from /opt/airflow/dags/healthcare.py","logger":"airflow.models.dagbag.DagBag","filename":"dagbag.py","lineno":593}
{"timestamp":"2025-11-06T18:02:13.371178Z","level":"warning","event":"The `airflow.utils.task_group.TaskGroup` attribute is deprecated. Please use `'airflow.sdk.TaskGroup'`.","category":"DeprecatedImportWarning","filename":"/opt/airflow/dags/healthcare.py","lineno":4,"logger":"py.warnings"}
{"timestamp":"2025-11-06T18:02:43.662199Z","level":"info","event":"Filling up the DagBag from /opt/airflow/dags/healthcare.py","logger":"airflow.models.dagbag.DagBag","filename":"dagbag.py","lineno":593}
{"timestamp":"2025-11-06T18:02:45.474877Z","level":"warning","event":"The `airflow.utils.task_group.TaskGroup` attribute is deprecated. Please use `'airflow.sdk.TaskGroup'`.","category":"DeprecatedImportWarning","filename":"/opt/airflow/dags/healthcare.py","lineno":4,"logger":"py.warnings"}
{"timestamp":"2025-11-06T18:03:15.792955Z","level":"info","event":"Filling up the DagBag from /opt/airflow/dags/healthcare.py","logger":"airflow.models.dagbag.DagBag","filename":"dagbag.py","lineno":593}
{"timestamp":"2025-11-06T18:03:17.290082Z","level":"warning","event":"The `airflow.utils.task_group.TaskGroup` attribute is deprecated. Please use `'airflow.sdk.TaskGroup'`.","category":"DeprecatedImportWarning","filename":"/opt/airflow/dags/healthcare.py","lineno":4,"logger":"py.warnings"}
{"timestamp":"2025-11-06T18:03:48.371374Z","level":"info","event":"Filling up the DagBag from /opt/airflow/dags/healthcare.py","logger":"airflow.models.dagbag.DagBag","filename":"dagbag.py","lineno":593}
{"timestamp":"2025-11-06T18:03:49.940163Z","level":"warning","event":"The `airflow.utils.task_group.TaskGroup` attribute is deprecated. Please use `'airflow.sdk.TaskGroup'`.","category":"DeprecatedImportWarning","filename":"/opt/airflow/dags/healthcare.py","lineno":4,"logger":"py.warnings"}
{"timestamp":"2025-11-06T18:04:20.100678Z","level":"info","event":"Filling up the DagBag from /opt/airflow/dags/healthcare.py","logger":"airflow.models.dagbag.DagBag","filename":"dagbag.py","lineno":593}
{"timestamp":"2025-11-06T18:04:21.409694Z","level":"warning","event":"The `airflow.utils.task_group.TaskGroup` attribute is deprecated. Please use `'airflow.sdk.TaskGroup'`.","category":"DeprecatedImportWarning","filename":"/opt/airflow/dags/healthcare.py","lineno":4,"logger":"py.warnings"}
{"timestamp":"2025-11-06T18:04:52.412705Z","level":"info","event":"Filling up the DagBag from /opt/airflow/dags/healthcare.py","logger":"airflow.models.dagbag.DagBag","filename":"dagbag.py","lineno":593}
{"timestamp":"2025-11-06T18:04:53.905131Z","level":"warning","event":"The `airflow.utils.task_group.TaskGroup` attribute is deprecated. Please use `'airflow.sdk.TaskGroup'`.","category":"DeprecatedImportWarning","filename":"/opt/airflow/dags/healthcare.py","lineno":4,"logger":"py.warnings"}
{"timestamp":"2025-11-06T18:05:24.063799Z","level":"info","event":"Filling up the DagBag from /opt/airflow/dags/healthcare.py","logger":"airflow.models.dagbag.DagBag","filename":"dagbag.py","lineno":593}
{"timestamp":"2025-11-06T18:05:25.567364Z","level":"warning","event":"The `airflow.utils.task_group.TaskGroup` attribute is deprecated. Please use `'airflow.sdk.TaskGroup'`.","category":"DeprecatedImportWarning","filename":"/opt/airflow/dags/healthcare.py","lineno":4,"logger":"py.warnings"}
{"timestamp":"2025-11-06T18:05:56.582714Z","level":"info","event":"Filling up the DagBag from /opt/airflow/dags/healthcare.py","logger":"airflow.models.dagbag.DagBag","filename":"dagbag.py","lineno":593}
{"timestamp":"2025-11-06T18:05:58.024988Z","level":"warning","event":"The `airflow.utils.task_group.TaskGroup` attribute is deprecated. Please use `'airflow.sdk.TaskGroup'`.","category":"DeprecatedImportWarning","filename":"/opt/airflow/dags/healthcare.py","lineno":4,"logger":"py.warnings"}
{"timestamp":"2025-11-06T18:06:29.074293Z","level":"info","event":"Filling up the DagBag from /opt/airflow/dags/healthcare.py","logger":"airflow.models.dagbag.DagBag","filename":"dagbag.py","lineno":593}
{"timestamp":"2025-11-06T18:06:30.920569Z","level":"warning","event":"The `airflow.utils.task_group.TaskGroup` attribute is deprecated. Please use `'airflow.sdk.TaskGroup'`.","category":"DeprecatedImportWarning","filename":"/opt/airflow/dags/healthcare.py","lineno":4,"logger":"py.warnings"}
{"timestamp":"2025-11-06T18:07:01.235711Z","level":"info","event":"Filling up the DagBag from /opt/airflow/dags/healthcare.py","logger":"airflow.models.dagbag.DagBag","filename":"dagbag.py","lineno":593}
{"timestamp":"2025-11-06T18:07:03.028828Z","level":"warning","event":"The `airflow.utils.task_group.TaskGroup` attribute is deprecated. Please use `'airflow.sdk.TaskGroup'`.","category":"DeprecatedImportWarning","filename":"/opt/airflow/dags/healthcare.py","lineno":4,"logger":"py.warnings"}
{"timestamp":"2025-11-06T18:07:33.329661Z","level":"info","event":"Filling up the DagBag from /opt/airflow/dags/healthcare.py","logger":"airflow.models.dagbag.DagBag","filename":"dagbag.py","lineno":593}
{"timestamp":"2025-11-06T18:07:34.829236Z","level":"warning","event":"The `airflow.utils.task_group.TaskGroup` attribute is deprecated. Please use `'airflow.sdk.TaskGroup'`.","category":"DeprecatedImportWarning","filename":"/opt/airflow/dags/healthcare.py","lineno":4,"logger":"py.warnings"}
{"timestamp":"2025-11-06T18:08:04.985398Z","level":"info","event":"Filling up the DagBag from /opt/airflow/dags/healthcare.py","logger":"airflow.models.dagbag.DagBag","filename":"dagbag.py","lineno":593}
{"timestamp":"2025-11-06T18:08:06.520920Z","level":"warning","event":"The `airflow.utils.task_group.TaskGroup` attribute is deprecated. Please use `'airflow.sdk.TaskGroup'`.","category":"DeprecatedImportWarning","filename":"/opt/airflow/dags/healthcare.py","lineno":4,"logger":"py.warnings"}
{"timestamp":"2025-11-06T18:08:36.671680Z","level":"info","event":"Filling up the DagBag from /opt/airflow/dags/healthcare.py","logger":"airflow.models.dagbag.DagBag","filename":"dagbag.py","lineno":593}
{"timestamp":"2025-11-06T18:08:38.143004Z","level":"warning","event":"The `airflow.utils.task_group.TaskGroup` attribute is deprecated. Please use `'airflow.sdk.TaskGroup'`.","category":"DeprecatedImportWarning","filename":"/opt/airflow/dags/healthcare.py","lineno":4,"logger":"py.warnings"}
{"timestamp":"2025-11-06T18:09:08.301414Z","level":"info","event":"Filling up the DagBag from /opt/airflow/dags/healthcare.py","logger":"airflow.models.dagbag.DagBag","filename":"dagbag.py","lineno":593}
{"timestamp":"2025-11-06T18:09:10.153009Z","level":"warning","event":"The `airflow.utils.task_group.TaskGroup` attribute is deprecated. Please use `'airflow.sdk.TaskGroup'`.","category":"DeprecatedImportWarning","filename":"/opt/airflow/dags/healthcare.py","lineno":4,"logger":"py.warnings"}
{"timestamp":"2025-11-06T18:09:40.366026Z","level":"info","event":"Filling up the DagBag from /opt/airflow/dags/healthcare.py","logger":"airflow.models.dagbag.DagBag","filename":"dagbag.py","lineno":593}
{"timestamp":"2025-11-06T18:09:42.014222Z","level":"warning","event":"The `airflow.utils.task_group.TaskGroup` attribute is deprecated. Please use `'airflow.sdk.TaskGroup'`.","category":"DeprecatedImportWarning","filename":"/opt/airflow/dags/healthcare.py","lineno":4,"logger":"py.warnings"}
{"timestamp":"2025-11-06T18:10:12.331274Z","level":"info","event":"Filling up the DagBag from /opt/airflow/dags/healthcare.py","logger":"airflow.models.dagbag.DagBag","filename":"dagbag.py","lineno":593}
{"timestamp":"2025-11-06T18:10:13.814093Z","level":"warning","event":"The `airflow.utils.task_group.TaskGroup` attribute is deprecated. Please use `'airflow.sdk.TaskGroup'`.","category":"DeprecatedImportWarning","filename":"/opt/airflow/dags/healthcare.py","lineno":4,"logger":"py.warnings"}
{"timestamp":"2025-11-06T18:10:44.004152Z","level":"info","event":"Filling up the DagBag from /opt/airflow/dags/healthcare.py","logger":"airflow.models.dagbag.DagBag","filename":"dagbag.py","lineno":593}
{"timestamp":"2025-11-06T18:10:45.473150Z","level":"warning","event":"The `airflow.utils.task_group.TaskGroup` attribute is deprecated. Please use `'airflow.sdk.TaskGroup'`.","category":"DeprecatedImportWarning","filename":"/opt/airflow/dags/healthcare.py","lineno":4,"logger":"py.warnings"}
